Copyright 1986-2022 Xilinx, Inc. All Rights Reserved.
--------------------------------------------------------------------------------------
| Tool Version : Vivado v.2022.2 (win64) Build 3671981 Fri Oct 14 05:00:03 MDT 2022
| Date         : Sun Mar 24 11:32:46 2024
| Host         : yannos running 64-bit major release  (build 9200)
| Command      : report_control_sets -verbose -file Processor_control_sets_placed.rpt
| Design       : Processor
| Device       : xc7z020
--------------------------------------------------------------------------------------

Control Set Information

Table of Contents
-----------------
1. Summary
2. Histogram
3. Flip-Flop Distribution
4. Detailed Control Set Information

1. Summary
----------

+----------------------------------------------------------+-------+
|                          Status                          | Count |
+----------------------------------------------------------+-------+
| Total control sets                                       |     6 |
|    Minimum number of control sets                        |     6 |
|    Addition due to synthesis replication                 |     0 |
|    Addition due to physical synthesis replication        |     0 |
| Unused register locations in slices containing registers |    13 |
+----------------------------------------------------------+-------+
* Control sets can be merged at opt_design using control_set_merge or merge_equivalent_drivers
** Run report_qor_suggestions for automated merging and remapping suggestions


2. Histogram
------------

+--------------------+-------+
|       Fanout       | Count |
+--------------------+-------+
| Total control sets |     6 |
| >= 0 to < 4        |     0 |
| >= 4 to < 6        |     2 |
| >= 6 to < 8        |     0 |
| >= 8 to < 10       |     0 |
| >= 10 to < 12      |     0 |
| >= 12 to < 14      |     0 |
| >= 14 to < 16      |     0 |
| >= 16              |     4 |
+--------------------+-------+
* Control sets can be remapped at either synth_design or opt_design


3. Flip-Flop Distribution
-------------------------

+--------------+-----------------------+------------------------+-----------------+--------------+
| Clock Enable | Synchronous Set/Reset | Asynchronous Set/Reset | Total Registers | Total Slices |
+--------------+-----------------------+------------------------+-----------------+--------------+
| No           | No                    | No                     |               0 |            0 |
| No           | No                    | Yes                    |               0 |            0 |
| No           | Yes                   | No                     |             157 |           53 |
| Yes          | No                    | No                     |               0 |            0 |
| Yes          | No                    | Yes                    |               0 |            0 |
| Yes          | Yes                   | No                     |             102 |           42 |
+--------------+-----------------------+------------------------+-----------------+--------------+


4. Detailed Control Set Information
-----------------------------------

+----------------+--------------------------------------------------------------------------------+------------------+------------------+----------------+--------------+
|  Clock Signal  |                                  Enable Signal                                 | Set/Reset Signal | Slice Load Count | Bel Load Count | Bels / Slice |
+----------------+--------------------------------------------------------------------------------+------------------+------------------+----------------+--------------+
|  CLK_IBUF_BUFG | ControlUnit_MultiCycle/StateMachineWE/FSM_sequential_current_state_reg[3]_0[0] | RESET_IBUF       |                3 |              4 |         1.33 |
|  CLK_IBUF_BUFG | ControlUnit_MultiCycle/StateMachineWE/E[0]                                     | RESET_IBUF       |                1 |              5 |         5.00 |
|  CLK_IBUF_BUFG | ControlUnit_MultiCycle/StateMachineWE/PCWrite                                  | RESET_IBUF       |               16 |             32 |         2.00 |
|  CLK_IBUF_BUFG | ControlUnit_MultiCycle/StateMachineWE/IRWrite                                  | RESET_IBUF       |               22 |             61 |         2.77 |
|  CLK_IBUF_BUFG | ControlUnit_MultiCycle/StateMachineWE/RegWrite                                 |                  |               11 |             88 |         8.00 |
|  CLK_IBUF_BUFG |                                                                                | RESET_IBUF       |               53 |            157 |         2.96 |
+----------------+--------------------------------------------------------------------------------+------------------+------------------+----------------+--------------+


