Copyright 1986-2022 Xilinx, Inc. All Rights Reserved.
-----------------------------------------------------------------------------------------------------------------------------------------------------------------
| Tool Version : Vivado v.2022.2 (win64) Build 3671981 Fri Oct 14 05:00:03 MDT 2022
| Date         : Sun Mar 24 11:33:42 2024
| Host         : yannos running 64-bit major release  (build 9200)
| Command      : report_methodology -file Processor_methodology_drc_routed.rpt -pb Processor_methodology_drc_routed.pb -rpx Processor_methodology_drc_routed.rpx
| Design       : Processor
| Device       : xc7z020clg484-1
| Speed File   : -1
| Design State : Fully Routed
-----------------------------------------------------------------------------------------------------------------------------------------------------------------

Report Methodology

Table of Contents
-----------------
1. REPORT SUMMARY
2. REPORT DETAILS

1. REPORT SUMMARY
-----------------
            Netlist: netlist
          Floorplan: design_1
      Design limits: <entire design considered>
             Max violations: <unlimited>
             Violations found: 167
+-----------+----------+-----------------------------------+------------+
| Rule      | Severity | Description                       | Violations |
+-----------+----------+-----------------------------------+------------+
| TIMING-18 | Warning  | Missing input or output delay     | 135        |
| TIMING-46 | Warning  | Multicycle path with tied CE pins | 32         |
+-----------+----------+-----------------------------------+------------+

2. REPORT DETAILS
-----------------
TIMING-18#1 Warning
Missing input or output delay  
An input delay is missing on RESET relative to clock(s) CLK
Related violations: <none>

TIMING-18#2 Warning
Missing input or output delay  
An output delay is missing on ALUResult[0] relative to clock(s) CLK
Related violations: <none>

TIMING-18#3 Warning
Missing input or output delay  
An output delay is missing on ALUResult[10] relative to clock(s) CLK
Related violations: <none>

TIMING-18#4 Warning
Missing input or output delay  
An output delay is missing on ALUResult[11] relative to clock(s) CLK
Related violations: <none>

TIMING-18#5 Warning
Missing input or output delay  
An output delay is missing on ALUResult[12] relative to clock(s) CLK
Related violations: <none>

TIMING-18#6 Warning
Missing input or output delay  
An output delay is missing on ALUResult[13] relative to clock(s) CLK
Related violations: <none>

TIMING-18#7 Warning
Missing input or output delay  
An output delay is missing on ALUResult[14] relative to clock(s) CLK
Related violations: <none>

TIMING-18#8 Warning
Missing input or output delay  
An output delay is missing on ALUResult[15] relative to clock(s) CLK
Related violations: <none>

TIMING-18#9 Warning
Missing input or output delay  
An output delay is missing on ALUResult[16] relative to clock(s) CLK
Related violations: <none>

TIMING-18#10 Warning
Missing input or output delay  
An output delay is missing on ALUResult[17] relative to clock(s) CLK
Related violations: <none>

TIMING-18#11 Warning
Missing input or output delay  
An output delay is missing on ALUResult[18] relative to clock(s) CLK
Related violations: <none>

TIMING-18#12 Warning
Missing input or output delay  
An output delay is missing on ALUResult[19] relative to clock(s) CLK
Related violations: <none>

TIMING-18#13 Warning
Missing input or output delay  
An output delay is missing on ALUResult[1] relative to clock(s) CLK
Related violations: <none>

TIMING-18#14 Warning
Missing input or output delay  
An output delay is missing on ALUResult[20] relative to clock(s) CLK
Related violations: <none>

TIMING-18#15 Warning
Missing input or output delay  
An output delay is missing on ALUResult[21] relative to clock(s) CLK
Related violations: <none>

TIMING-18#16 Warning
Missing input or output delay  
An output delay is missing on ALUResult[22] relative to clock(s) CLK
Related violations: <none>

TIMING-18#17 Warning
Missing input or output delay  
An output delay is missing on ALUResult[23] relative to clock(s) CLK
Related violations: <none>

TIMING-18#18 Warning
Missing input or output delay  
An output delay is missing on ALUResult[24] relative to clock(s) CLK
Related violations: <none>

TIMING-18#19 Warning
Missing input or output delay  
An output delay is missing on ALUResult[25] relative to clock(s) CLK
Related violations: <none>

TIMING-18#20 Warning
Missing input or output delay  
An output delay is missing on ALUResult[26] relative to clock(s) CLK
Related violations: <none>

TIMING-18#21 Warning
Missing input or output delay  
An output delay is missing on ALUResult[27] relative to clock(s) CLK
Related violations: <none>

TIMING-18#22 Warning
Missing input or output delay  
An output delay is missing on ALUResult[28] relative to clock(s) CLK
Related violations: <none>

TIMING-18#23 Warning
Missing input or output delay  
An output delay is missing on ALUResult[29] relative to clock(s) CLK
Related violations: <none>

TIMING-18#24 Warning
Missing input or output delay  
An output delay is missing on ALUResult[2] relative to clock(s) CLK
Related violations: <none>

TIMING-18#25 Warning
Missing input or output delay  
An output delay is missing on ALUResult[30] relative to clock(s) CLK
Related violations: <none>

TIMING-18#26 Warning
Missing input or output delay  
An output delay is missing on ALUResult[31] relative to clock(s) CLK
Related violations: <none>

TIMING-18#27 Warning
Missing input or output delay  
An output delay is missing on ALUResult[3] relative to clock(s) CLK
Related violations: <none>

TIMING-18#28 Warning
Missing input or output delay  
An output delay is missing on ALUResult[4] relative to clock(s) CLK
Related violations: <none>

TIMING-18#29 Warning
Missing input or output delay  
An output delay is missing on ALUResult[5] relative to clock(s) CLK
Related violations: <none>

TIMING-18#30 Warning
Missing input or output delay  
An output delay is missing on ALUResult[6] relative to clock(s) CLK
Related violations: <none>

TIMING-18#31 Warning
Missing input or output delay  
An output delay is missing on ALUResult[7] relative to clock(s) CLK
Related violations: <none>

TIMING-18#32 Warning
Missing input or output delay  
An output delay is missing on ALUResult[8] relative to clock(s) CLK
Related violations: <none>

TIMING-18#33 Warning
Missing input or output delay  
An output delay is missing on ALUResult[9] relative to clock(s) CLK
Related violations: <none>

TIMING-18#34 Warning
Missing input or output delay  
An output delay is missing on Instruction[0] relative to clock(s) CLK
Related violations: <none>

TIMING-18#35 Warning
Missing input or output delay  
An output delay is missing on Instruction[10] relative to clock(s) CLK
Related violations: <none>

TIMING-18#36 Warning
Missing input or output delay  
An output delay is missing on Instruction[11] relative to clock(s) CLK
Related violations: <none>

TIMING-18#37 Warning
Missing input or output delay  
An output delay is missing on Instruction[12] relative to clock(s) CLK
Related violations: <none>

TIMING-18#38 Warning
Missing input or output delay  
An output delay is missing on Instruction[13] relative to clock(s) CLK
Related violations: <none>

TIMING-18#39 Warning
Missing input or output delay  
An output delay is missing on Instruction[14] relative to clock(s) CLK
Related violations: <none>

TIMING-18#40 Warning
Missing input or output delay  
An output delay is missing on Instruction[15] relative to clock(s) CLK
Related violations: <none>

TIMING-18#41 Warning
Missing input or output delay  
An output delay is missing on Instruction[16] relative to clock(s) CLK
Related violations: <none>

TIMING-18#42 Warning
Missing input or output delay  
An output delay is missing on Instruction[17] relative to clock(s) CLK
Related violations: <none>

TIMING-18#43 Warning
Missing input or output delay  
An output delay is missing on Instruction[18] relative to clock(s) CLK
Related violations: <none>

TIMING-18#44 Warning
Missing input or output delay  
An output delay is missing on Instruction[19] relative to clock(s) CLK
Related violations: <none>

TIMING-18#45 Warning
Missing input or output delay  
An output delay is missing on Instruction[1] relative to clock(s) CLK
Related violations: <none>

TIMING-18#46 Warning
Missing input or output delay  
An output delay is missing on Instruction[20] relative to clock(s) CLK
Related violations: <none>

TIMING-18#47 Warning
Missing input or output delay  
An output delay is missing on Instruction[21] relative to clock(s) CLK
Related violations: <none>

TIMING-18#48 Warning
Missing input or output delay  
An output delay is missing on Instruction[22] relative to clock(s) CLK
Related violations: <none>

TIMING-18#49 Warning
Missing input or output delay  
An output delay is missing on Instruction[23] relative to clock(s) CLK
Related violations: <none>

TIMING-18#50 Warning
Missing input or output delay  
An output delay is missing on Instruction[24] relative to clock(s) CLK
Related violations: <none>

TIMING-18#51 Warning
Missing input or output delay  
An output delay is missing on Instruction[25] relative to clock(s) CLK
Related violations: <none>

TIMING-18#52 Warning
Missing input or output delay  
An output delay is missing on Instruction[26] relative to clock(s) CLK
Related violations: <none>

TIMING-18#53 Warning
Missing input or output delay  
An output delay is missing on Instruction[27] relative to clock(s) CLK
Related violations: <none>

TIMING-18#54 Warning
Missing input or output delay  
An output delay is missing on Instruction[28] relative to clock(s) CLK
Related violations: <none>

TIMING-18#55 Warning
Missing input or output delay  
An output delay is missing on Instruction[29] relative to clock(s) CLK
Related violations: <none>

TIMING-18#56 Warning
Missing input or output delay  
An output delay is missing on Instruction[2] relative to clock(s) CLK
Related violations: <none>

TIMING-18#57 Warning
Missing input or output delay  
An output delay is missing on Instruction[30] relative to clock(s) CLK
Related violations: <none>

TIMING-18#58 Warning
Missing input or output delay  
An output delay is missing on Instruction[31] relative to clock(s) CLK
Related violations: <none>

TIMING-18#59 Warning
Missing input or output delay  
An output delay is missing on Instruction[3] relative to clock(s) CLK
Related violations: <none>

TIMING-18#60 Warning
Missing input or output delay  
An output delay is missing on Instruction[4] relative to clock(s) CLK
Related violations: <none>

TIMING-18#61 Warning
Missing input or output delay  
An output delay is missing on Instruction[5] relative to clock(s) CLK
Related violations: <none>

TIMING-18#62 Warning
Missing input or output delay  
An output delay is missing on Instruction[6] relative to clock(s) CLK
Related violations: <none>

TIMING-18#63 Warning
Missing input or output delay  
An output delay is missing on Instruction[7] relative to clock(s) CLK
Related violations: <none>

TIMING-18#64 Warning
Missing input or output delay  
An output delay is missing on Instruction[8] relative to clock(s) CLK
Related violations: <none>

TIMING-18#65 Warning
Missing input or output delay  
An output delay is missing on Instruction[9] relative to clock(s) CLK
Related violations: <none>

TIMING-18#66 Warning
Missing input or output delay  
An output delay is missing on PC[0] relative to clock(s) CLK
Related violations: <none>

TIMING-18#67 Warning
Missing input or output delay  
An output delay is missing on PC[1] relative to clock(s) CLK
Related violations: <none>

TIMING-18#68 Warning
Missing input or output delay  
An output delay is missing on PC[2] relative to clock(s) CLK
Related violations: <none>

TIMING-18#69 Warning
Missing input or output delay  
An output delay is missing on PC[3] relative to clock(s) CLK
Related violations: <none>

TIMING-18#70 Warning
Missing input or output delay  
An output delay is missing on PC[4] relative to clock(s) CLK
Related violations: <none>

TIMING-18#71 Warning
Missing input or output delay  
An output delay is missing on PC[5] relative to clock(s) CLK
Related violations: <none>

TIMING-18#72 Warning
Missing input or output delay  
An output delay is missing on Result[0] relative to clock(s) CLK
Related violations: <none>

TIMING-18#73 Warning
Missing input or output delay  
An output delay is missing on Result[10] relative to clock(s) CLK
Related violations: <none>

TIMING-18#74 Warning
Missing input or output delay  
An output delay is missing on Result[11] relative to clock(s) CLK
Related violations: <none>

TIMING-18#75 Warning
Missing input or output delay  
An output delay is missing on Result[12] relative to clock(s) CLK
Related violations: <none>

TIMING-18#76 Warning
Missing input or output delay  
An output delay is missing on Result[13] relative to clock(s) CLK
Related violations: <none>

TIMING-18#77 Warning
Missing input or output delay  
An output delay is missing on Result[14] relative to clock(s) CLK
Related violations: <none>

TIMING-18#78 Warning
Missing input or output delay  
An output delay is missing on Result[15] relative to clock(s) CLK
Related violations: <none>

TIMING-18#79 Warning
Missing input or output delay  
An output delay is missing on Result[16] relative to clock(s) CLK
Related violations: <none>

TIMING-18#80 Warning
Missing input or output delay  
An output delay is missing on Result[17] relative to clock(s) CLK
Related violations: <none>

TIMING-18#81 Warning
Missing input or output delay  
An output delay is missing on Result[18] relative to clock(s) CLK
Related violations: <none>

TIMING-18#82 Warning
Missing input or output delay  
An output delay is missing on Result[19] relative to clock(s) CLK
Related violations: <none>

TIMING-18#83 Warning
Missing input or output delay  
An output delay is missing on Result[1] relative to clock(s) CLK
Related violations: <none>

TIMING-18#84 Warning
Missing input or output delay  
An output delay is missing on Result[20] relative to clock(s) CLK
Related violations: <none>

TIMING-18#85 Warning
Missing input or output delay  
An output delay is missing on Result[21] relative to clock(s) CLK
Related violations: <none>

TIMING-18#86 Warning
Missing input or output delay  
An output delay is missing on Result[22] relative to clock(s) CLK
Related violations: <none>

TIMING-18#87 Warning
Missing input or output delay  
An output delay is missing on Result[23] relative to clock(s) CLK
Related violations: <none>

TIMING-18#88 Warning
Missing input or output delay  
An output delay is missing on Result[24] relative to clock(s) CLK
Related violations: <none>

TIMING-18#89 Warning
Missing input or output delay  
An output delay is missing on Result[25] relative to clock(s) CLK
Related violations: <none>

TIMING-18#90 Warning
Missing input or output delay  
An output delay is missing on Result[26] relative to clock(s) CLK
Related violations: <none>

TIMING-18#91 Warning
Missing input or output delay  
An output delay is missing on Result[27] relative to clock(s) CLK
Related violations: <none>

TIMING-18#92 Warning
Missing input or output delay  
An output delay is missing on Result[28] relative to clock(s) CLK
Related violations: <none>

TIMING-18#93 Warning
Missing input or output delay  
An output delay is missing on Result[29] relative to clock(s) CLK
Related violations: <none>

TIMING-18#94 Warning
Missing input or output delay  
An output delay is missing on Result[2] relative to clock(s) CLK
Related violations: <none>

TIMING-18#95 Warning
Missing input or output delay  
An output delay is missing on Result[30] relative to clock(s) CLK
Related violations: <none>

TIMING-18#96 Warning
Missing input or output delay  
An output delay is missing on Result[31] relative to clock(s) CLK
Related violations: <none>

TIMING-18#97 Warning
Missing input or output delay  
An output delay is missing on Result[3] relative to clock(s) CLK
Related violations: <none>

TIMING-18#98 Warning
Missing input or output delay  
An output delay is missing on Result[4] relative to clock(s) CLK
Related violations: <none>

TIMING-18#99 Warning
Missing input or output delay  
An output delay is missing on Result[5] relative to clock(s) CLK
Related violations: <none>

TIMING-18#100 Warning
Missing input or output delay  
An output delay is missing on Result[6] relative to clock(s) CLK
Related violations: <none>

TIMING-18#101 Warning
Missing input or output delay  
An output delay is missing on Result[7] relative to clock(s) CLK
Related violations: <none>

TIMING-18#102 Warning
Missing input or output delay  
An output delay is missing on Result[8] relative to clock(s) CLK
Related violations: <none>

TIMING-18#103 Warning
Missing input or output delay  
An output delay is missing on Result[9] relative to clock(s) CLK
Related violations: <none>

TIMING-18#104 Warning
Missing input or output delay  
An output delay is missing on WriteData[0] relative to clock(s) CLK
Related violations: <none>

TIMING-18#105 Warning
Missing input or output delay  
An output delay is missing on WriteData[10] relative to clock(s) CLK
Related violations: <none>

TIMING-18#106 Warning
Missing input or output delay  
An output delay is missing on WriteData[11] relative to clock(s) CLK
Related violations: <none>

TIMING-18#107 Warning
Missing input or output delay  
An output delay is missing on WriteData[12] relative to clock(s) CLK
Related violations: <none>

TIMING-18#108 Warning
Missing input or output delay  
An output delay is missing on WriteData[13] relative to clock(s) CLK
Related violations: <none>

TIMING-18#109 Warning
Missing input or output delay  
An output delay is missing on WriteData[14] relative to clock(s) CLK
Related violations: <none>

TIMING-18#110 Warning
Missing input or output delay  
An output delay is missing on WriteData[15] relative to clock(s) CLK
Related violations: <none>

TIMING-18#111 Warning
Missing input or output delay  
An output delay is missing on WriteData[16] relative to clock(s) CLK
Related violations: <none>

TIMING-18#112 Warning
Missing input or output delay  
An output delay is missing on WriteData[17] relative to clock(s) CLK
Related violations: <none>

TIMING-18#113 Warning
Missing input or output delay  
An output delay is missing on WriteData[18] relative to clock(s) CLK
Related violations: <none>

TIMING-18#114 Warning
Missing input or output delay  
An output delay is missing on WriteData[19] relative to clock(s) CLK
Related violations: <none>

TIMING-18#115 Warning
Missing input or output delay  
An output delay is missing on WriteData[1] relative to clock(s) CLK
Related violations: <none>

TIMING-18#116 Warning
Missing input or output delay  
An output delay is missing on WriteData[20] relative to clock(s) CLK
Related violations: <none>

TIMING-18#117 Warning
Missing input or output delay  
An output delay is missing on WriteData[21] relative to clock(s) CLK
Related violations: <none>

TIMING-18#118 Warning
Missing input or output delay  
An output delay is missing on WriteData[22] relative to clock(s) CLK
Related violations: <none>

TIMING-18#119 Warning
Missing input or output delay  
An output delay is missing on WriteData[23] relative to clock(s) CLK
Related violations: <none>

TIMING-18#120 Warning
Missing input or output delay  
An output delay is missing on WriteData[24] relative to clock(s) CLK
Related violations: <none>

TIMING-18#121 Warning
Missing input or output delay  
An output delay is missing on WriteData[25] relative to clock(s) CLK
Related violations: <none>

TIMING-18#122 Warning
Missing input or output delay  
An output delay is missing on WriteData[26] relative to clock(s) CLK
Related violations: <none>

TIMING-18#123 Warning
Missing input or output delay  
An output delay is missing on WriteData[27] relative to clock(s) CLK
Related violations: <none>

TIMING-18#124 Warning
Missing input or output delay  
An output delay is missing on WriteData[28] relative to clock(s) CLK
Related violations: <none>

TIMING-18#125 Warning
Missing input or output delay  
An output delay is missing on WriteData[29] relative to clock(s) CLK
Related violations: <none>

TIMING-18#126 Warning
Missing input or output delay  
An output delay is missing on WriteData[2] relative to clock(s) CLK
Related violations: <none>

TIMING-18#127 Warning
Missing input or output delay  
An output delay is missing on WriteData[30] relative to clock(s) CLK
Related violations: <none>

TIMING-18#128 Warning
Missing input or output delay  
An output delay is missing on WriteData[31] relative to clock(s) CLK
Related violations: <none>

TIMING-18#129 Warning
Missing input or output delay  
An output delay is missing on WriteData[3] relative to clock(s) CLK
Related violations: <none>

TIMING-18#130 Warning
Missing input or output delay  
An output delay is missing on WriteData[4] relative to clock(s) CLK
Related violations: <none>

TIMING-18#131 Warning
Missing input or output delay  
An output delay is missing on WriteData[5] relative to clock(s) CLK
Related violations: <none>

TIMING-18#132 Warning
Missing input or output delay  
An output delay is missing on WriteData[6] relative to clock(s) CLK
Related violations: <none>

TIMING-18#133 Warning
Missing input or output delay  
An output delay is missing on WriteData[7] relative to clock(s) CLK
Related violations: <none>

TIMING-18#134 Warning
Missing input or output delay  
An output delay is missing on WriteData[8] relative to clock(s) CLK
Related violations: <none>

TIMING-18#135 Warning
Missing input or output delay  
An output delay is missing on WriteData[9] relative to clock(s) CLK
Related violations: <none>

TIMING-46#1 Warning
Multicycle path with tied CE pins  
One or more multicycle paths are defined between registers DataPath_MultiCycle/Brg/d_out_reg[0]_rep/Q and DataPath_MultiCycle/WDrg/d_out_reg[0]/D with a direct connection and the CE pins connected to VCC (see constraint position 2 in the Timing Constraint window in Vivado IDE).  This may result in an inaccurate path requirement.
Related violations: <none>

TIMING-46#2 Warning
Multicycle path with tied CE pins  
One or more multicycle paths are defined between registers DataPath_MultiCycle/Brg/d_out_reg[10]_rep/Q and DataPath_MultiCycle/WDrg/d_out_reg[10]/D with a direct connection and the CE pins connected to VCC (see constraint position 2 in the Timing Constraint window in Vivado IDE).  This may result in an inaccurate path requirement.
Related violations: <none>

TIMING-46#3 Warning
Multicycle path with tied CE pins  
One or more multicycle paths are defined between registers DataPath_MultiCycle/Brg/d_out_reg[11]_rep/Q and DataPath_MultiCycle/WDrg/d_out_reg[11]/D with a direct connection and the CE pins connected to VCC (see constraint position 2 in the Timing Constraint window in Vivado IDE).  This may result in an inaccurate path requirement.
Related violations: <none>

TIMING-46#4 Warning
Multicycle path with tied CE pins  
One or more multicycle paths are defined between registers DataPath_MultiCycle/Brg/d_out_reg[12]_rep/Q and DataPath_MultiCycle/WDrg/d_out_reg[12]/D with a direct connection and the CE pins connected to VCC (see constraint position 2 in the Timing Constraint window in Vivado IDE).  This may result in an inaccurate path requirement.
Related violations: <none>

TIMING-46#5 Warning
Multicycle path with tied CE pins  
One or more multicycle paths are defined between registers DataPath_MultiCycle/Brg/d_out_reg[13]_rep/Q and DataPath_MultiCycle/WDrg/d_out_reg[13]/D with a direct connection and the CE pins connected to VCC (see constraint position 2 in the Timing Constraint window in Vivado IDE).  This may result in an inaccurate path requirement.
Related violations: <none>

TIMING-46#6 Warning
Multicycle path with tied CE pins  
One or more multicycle paths are defined between registers DataPath_MultiCycle/Brg/d_out_reg[14]_rep/Q and DataPath_MultiCycle/WDrg/d_out_reg[14]/D with a direct connection and the CE pins connected to VCC (see constraint position 2 in the Timing Constraint window in Vivado IDE).  This may result in an inaccurate path requirement.
Related violations: <none>

TIMING-46#7 Warning
Multicycle path with tied CE pins  
One or more multicycle paths are defined between registers DataPath_MultiCycle/Brg/d_out_reg[15]_rep/Q and DataPath_MultiCycle/WDrg/d_out_reg[15]/D with a direct connection and the CE pins connected to VCC (see constraint position 2 in the Timing Constraint window in Vivado IDE).  This may result in an inaccurate path requirement.
Related violations: <none>

TIMING-46#8 Warning
Multicycle path with tied CE pins  
One or more multicycle paths are defined between registers DataPath_MultiCycle/Brg/d_out_reg[16]_rep/Q and DataPath_MultiCycle/WDrg/d_out_reg[16]/D with a direct connection and the CE pins connected to VCC (see constraint position 2 in the Timing Constraint window in Vivado IDE).  This may result in an inaccurate path requirement.
Related violations: <none>

TIMING-46#9 Warning
Multicycle path with tied CE pins  
One or more multicycle paths are defined between registers DataPath_MultiCycle/Brg/d_out_reg[17]_rep/Q and DataPath_MultiCycle/WDrg/d_out_reg[17]/D with a direct connection and the CE pins connected to VCC (see constraint position 2 in the Timing Constraint window in Vivado IDE).  This may result in an inaccurate path requirement.
Related violations: <none>

TIMING-46#10 Warning
Multicycle path with tied CE pins  
One or more multicycle paths are defined between registers DataPath_MultiCycle/Brg/d_out_reg[18]_rep/Q and DataPath_MultiCycle/WDrg/d_out_reg[18]/D with a direct connection and the CE pins connected to VCC (see constraint position 2 in the Timing Constraint window in Vivado IDE).  This may result in an inaccurate path requirement.
Related violations: <none>

TIMING-46#11 Warning
Multicycle path with tied CE pins  
One or more multicycle paths are defined between registers DataPath_MultiCycle/Brg/d_out_reg[19]_rep/Q and DataPath_MultiCycle/WDrg/d_out_reg[19]/D with a direct connection and the CE pins connected to VCC (see constraint position 2 in the Timing Constraint window in Vivado IDE).  This may result in an inaccurate path requirement.
Related violations: <none>

TIMING-46#12 Warning
Multicycle path with tied CE pins  
One or more multicycle paths are defined between registers DataPath_MultiCycle/Brg/d_out_reg[1]_rep/Q and DataPath_MultiCycle/WDrg/d_out_reg[1]/D with a direct connection and the CE pins connected to VCC (see constraint position 2 in the Timing Constraint window in Vivado IDE).  This may result in an inaccurate path requirement.
Related violations: <none>

TIMING-46#13 Warning
Multicycle path with tied CE pins  
One or more multicycle paths are defined between registers DataPath_MultiCycle/Brg/d_out_reg[20]_rep/Q and DataPath_MultiCycle/WDrg/d_out_reg[20]/D with a direct connection and the CE pins connected to VCC (see constraint position 2 in the Timing Constraint window in Vivado IDE).  This may result in an inaccurate path requirement.
Related violations: <none>

TIMING-46#14 Warning
Multicycle path with tied CE pins  
One or more multicycle paths are defined between registers DataPath_MultiCycle/Brg/d_out_reg[21]_rep/Q and DataPath_MultiCycle/WDrg/d_out_reg[21]/D with a direct connection and the CE pins connected to VCC (see constraint position 2 in the Timing Constraint window in Vivado IDE).  This may result in an inaccurate path requirement.
Related violations: <none>

TIMING-46#15 Warning
Multicycle path with tied CE pins  
One or more multicycle paths are defined between registers DataPath_MultiCycle/Brg/d_out_reg[22]_rep/Q and DataPath_MultiCycle/WDrg/d_out_reg[22]/D with a direct connection and the CE pins connected to VCC (see constraint position 2 in the Timing Constraint window in Vivado IDE).  This may result in an inaccurate path requirement.
Related violations: <none>

TIMING-46#16 Warning
Multicycle path with tied CE pins  
One or more multicycle paths are defined between registers DataPath_MultiCycle/Brg/d_out_reg[23]_rep/Q and DataPath_MultiCycle/WDrg/d_out_reg[23]/D with a direct connection and the CE pins connected to VCC (see constraint position 2 in the Timing Constraint window in Vivado IDE).  This may result in an inaccurate path requirement.
Related violations: <none>

TIMING-46#17 Warning
Multicycle path with tied CE pins  
One or more multicycle paths are defined between registers DataPath_MultiCycle/Brg/d_out_reg[24]_rep/Q and DataPath_MultiCycle/WDrg/d_out_reg[24]/D with a direct connection and the CE pins connected to VCC (see constraint position 2 in the Timing Constraint window in Vivado IDE).  This may result in an inaccurate path requirement.
Related violations: <none>

TIMING-46#18 Warning
Multicycle path with tied CE pins  
One or more multicycle paths are defined between registers DataPath_MultiCycle/Brg/d_out_reg[25]_rep/Q and DataPath_MultiCycle/WDrg/d_out_reg[25]/D with a direct connection and the CE pins connected to VCC (see constraint position 2 in the Timing Constraint window in Vivado IDE).  This may result in an inaccurate path requirement.
Related violations: <none>

TIMING-46#19 Warning
Multicycle path with tied CE pins  
One or more multicycle paths are defined between registers DataPath_MultiCycle/Brg/d_out_reg[26]_rep/Q and DataPath_MultiCycle/WDrg/d_out_reg[26]/D with a direct connection and the CE pins connected to VCC (see constraint position 2 in the Timing Constraint window in Vivado IDE).  This may result in an inaccurate path requirement.
Related violations: <none>

TIMING-46#20 Warning
Multicycle path with tied CE pins  
One or more multicycle paths are defined between registers DataPath_MultiCycle/Brg/d_out_reg[27]_rep/Q and DataPath_MultiCycle/WDrg/d_out_reg[27]/D with a direct connection and the CE pins connected to VCC (see constraint position 2 in the Timing Constraint window in Vivado IDE).  This may result in an inaccurate path requirement.
Related violations: <none>

TIMING-46#21 Warning
Multicycle path with tied CE pins  
One or more multicycle paths are defined between registers DataPath_MultiCycle/Brg/d_out_reg[28]_rep/Q and DataPath_MultiCycle/WDrg/d_out_reg[28]/D with a direct connection and the CE pins connected to VCC (see constraint position 2 in the Timing Constraint window in Vivado IDE).  This may result in an inaccurate path requirement.
Related violations: <none>

TIMING-46#22 Warning
Multicycle path with tied CE pins  
One or more multicycle paths are defined between registers DataPath_MultiCycle/Brg/d_out_reg[29]_rep/Q and DataPath_MultiCycle/WDrg/d_out_reg[29]/D with a direct connection and the CE pins connected to VCC (see constraint position 2 in the Timing Constraint window in Vivado IDE).  This may result in an inaccurate path requirement.
Related violations: <none>

TIMING-46#23 Warning
Multicycle path with tied CE pins  
One or more multicycle paths are defined between registers DataPath_MultiCycle/Brg/d_out_reg[2]_rep/Q and DataPath_MultiCycle/WDrg/d_out_reg[2]/D with a direct connection and the CE pins connected to VCC (see constraint position 2 in the Timing Constraint window in Vivado IDE).  This may result in an inaccurate path requirement.
Related violations: <none>

TIMING-46#24 Warning
Multicycle path with tied CE pins  
One or more multicycle paths are defined between registers DataPath_MultiCycle/Brg/d_out_reg[30]_rep/Q and DataPath_MultiCycle/WDrg/d_out_reg[30]/D with a direct connection and the CE pins connected to VCC (see constraint position 2 in the Timing Constraint window in Vivado IDE).  This may result in an inaccurate path requirement.
Related violations: <none>

TIMING-46#25 Warning
Multicycle path with tied CE pins  
One or more multicycle paths are defined between registers DataPath_MultiCycle/Brg/d_out_reg[31]_rep/Q and DataPath_MultiCycle/WDrg/d_out_reg[31]/D with a direct connection and the CE pins connected to VCC (see constraint position 2 in the Timing Constraint window in Vivado IDE).  This may result in an inaccurate path requirement.
Related violations: <none>

TIMING-46#26 Warning
Multicycle path with tied CE pins  
One or more multicycle paths are defined between registers DataPath_MultiCycle/Brg/d_out_reg[3]_rep/Q and DataPath_MultiCycle/WDrg/d_out_reg[3]/D with a direct connection and the CE pins connected to VCC (see constraint position 2 in the Timing Constraint window in Vivado IDE).  This may result in an inaccurate path requirement.
Related violations: <none>

TIMING-46#27 Warning
Multicycle path with tied CE pins  
One or more multicycle paths are defined between registers DataPath_MultiCycle/Brg/d_out_reg[4]_rep/Q and DataPath_MultiCycle/WDrg/d_out_reg[4]/D with a direct connection and the CE pins connected to VCC (see constraint position 2 in the Timing Constraint window in Vivado IDE).  This may result in an inaccurate path requirement.
Related violations: <none>

TIMING-46#28 Warning
Multicycle path with tied CE pins  
One or more multicycle paths are defined between registers DataPath_MultiCycle/Brg/d_out_reg[5]_rep/Q and DataPath_MultiCycle/WDrg/d_out_reg[5]/D with a direct connection and the CE pins connected to VCC (see constraint position 2 in the Timing Constraint window in Vivado IDE).  This may result in an inaccurate path requirement.
Related violations: <none>

TIMING-46#29 Warning
Multicycle path with tied CE pins  
One or more multicycle paths are defined between registers DataPath_MultiCycle/Brg/d_out_reg[6]_rep/Q and DataPath_MultiCycle/WDrg/d_out_reg[6]/D with a direct connection and the CE pins connected to VCC (see constraint position 2 in the Timing Constraint window in Vivado IDE).  This may result in an inaccurate path requirement.
Related violations: <none>

TIMING-46#30 Warning
Multicycle path with tied CE pins  
One or more multicycle paths are defined between registers DataPath_MultiCycle/Brg/d_out_reg[7]_rep/Q and DataPath_MultiCycle/WDrg/d_out_reg[7]/D with a direct connection and the CE pins connected to VCC (see constraint position 2 in the Timing Constraint window in Vivado IDE).  This may result in an inaccurate path requirement.
Related violations: <none>

TIMING-46#31 Warning
Multicycle path with tied CE pins  
One or more multicycle paths are defined between registers DataPath_MultiCycle/Brg/d_out_reg[8]_rep/Q and DataPath_MultiCycle/WDrg/d_out_reg[8]/D with a direct connection and the CE pins connected to VCC (see constraint position 2 in the Timing Constraint window in Vivado IDE).  This may result in an inaccurate path requirement.
Related violations: <none>

TIMING-46#32 Warning
Multicycle path with tied CE pins  
One or more multicycle paths are defined between registers DataPath_MultiCycle/Brg/d_out_reg[9]_rep/Q and DataPath_MultiCycle/WDrg/d_out_reg[9]/D with a direct connection and the CE pins connected to VCC (see constraint position 2 in the Timing Constraint window in Vivado IDE).  This may result in an inaccurate path requirement.
Related violations: <none>


