INFO: [VRFC 10-2263] Analyzing Verilog file "D:/Yannos/FILES/PROGRAMS/FPGA/VIVADO/MSc_Control_and_Computing-UoA/PROJECTS/Project_2/Processor_Multicycle/Processor_Multicycle.sim/sim_1/impl/timing/xsim/Processor_tb_time_impl.v" into library xil_defaultlib
INFO: [VRFC 10-311] analyzing module RAM32M_UNIQ_BASE_
INFO: [VRFC 10-311] analyzing module RAM32M_HD1
INFO: [VRFC 10-311] analyzing module RAM32M_HD12
INFO: [VRFC 10-311] analyzing module RAM32M_HD2
INFO: [VRFC 10-311] analyzing module RAM32M_HD3
INFO: [VRFC 10-311] analyzing module RAM32M_HD5
INFO: [VRFC 10-311] analyzing module RAM32M_HD6
INFO: [VRFC 10-311] analyzing module RAM32M_HD7
INFO: [VRFC 10-311] analyzing module RAM32M_HD8
INFO: [VRFC 10-311] analyzing module RAM32M_HD9
INFO: [VRFC 10-311] analyzing module RAM32X1D_UNIQ_BASE_
INFO: [VRFC 10-311] analyzing module RAM32X1D_HD10
INFO: [VRFC 10-311] analyzing module RAM32X1D_HD11
INFO: [VRFC 10-311] analyzing module RAM32X1D_HD4
INFO: [VRFC 10-311] analyzing module ADD_SUB
INFO: [VRFC 10-311] analyzing module ALU
INFO: [VRFC 10-311] analyzing module Control
INFO: [VRFC 10-311] analyzing module Datapath
INFO: [VRFC 10-311] analyzing module FSM
INFO: [VRFC 10-311] analyzing module Processor
INFO: [VRFC 10-311] analyzing module RAM
INFO: [VRFC 10-311] analyzing module ROM
INFO: [VRFC 10-311] analyzing module Rg
INFO: [VRFC 10-311] analyzing module Rg_0
INFO: [VRFC 10-311] analyzing module Rg_1
INFO: [VRFC 10-311] analyzing module Rg_2
INFO: [VRFC 10-311] analyzing module Rg_3
INFO: [VRFC 10-311] analyzing module Rg_4
INFO: [VRFC 10-311] analyzing module Rg_5
INFO: [VRFC 10-311] analyzing module Rg_6
INFO: [VRFC 10-311] analyzing module Rg__parameterized1
INFO: [VRFC 10-311] analyzing module Rg__parameterized4
INFO: [VRFC 10-311] analyzing module adder
INFO: [VRFC 10-311] analyzing module adder_p4
INFO: [VRFC 10-311] analyzing module regfile
INFO: [VRFC 10-311] analyzing module regfile_core
INFO: [VRFC 10-311] analyzing module glbl
